LOG #1234 DATE: 2023-10-25 14:30:00 ACTIVITY: Meeting with Dr. Smith LOCATION: Laboratory 4B DETAILS: Discussed research progress and upcoming experiments.
LOG #1235 DATE: 2023-10-25 16:45:00 ACTIVITY: Phone Call with Ms. Johnson LOCATION: Office DETAILS: Discussed funding for the project.
LOG #1236 DATE: 2023-10-25 18:20:00 ACTIVITY: Last Known Location LOCATION: 123 Elm Street DETAILS: The suspect left the office for home.
LOG #1237 DATE: 2023-10-25 19:05:00 ACTIVITY: Emergency Call from Security LOCATION: Laboratory 4B DETAILS: Security reported a break-in; the suspect found dead.
LOG #1238 DATE: 2023-10-25 20:00:00 ACTIVITY: Police Investigation LOCATION: Crime Scene DETAILS: Police arrived and started the investigation.
LOG #1239 DATE: 2023-10-25 22:10:00 ACTIVITY: Forensic Analysis LOCATION: Forensic Lab DETAILS: Gathering evidence from the crime scene.
LOG #1240 DATE: 2023-10-26 09:00:00 ACTIVITY: Briefing with Detective Smith LOCATION: Police Station DETAILS: Reviewing gathered evidence and planning the investigation.
LOG #1241 DATE: 2023-10-26 10:30:00 ACTIVITY: Interviewing Witnesses LOCATION: Various DETAILS: Speaking with colleagues and neighbors for any leads.
LOG #1242 DATE: 2023-10-26 14:15:00 ACTIVITY: Analysis of Security Footage LOCATION: Security Room DETAILS: Reviewing CCTV footage to identify the intruder.
LOG #1243 DATE: 2023-10-26 15:45:00 ACTIVITY: Meeting with Forensic Experts LOCATION: Forensic Lab DETAILS: Consulting experts to analyze fingerprints and DNA samples.
LOG #1244 DATE: 2023-10-26 17:20:00 ACTIVITY: Coordinating with K-9 Unit LOCATION: Crime Scene DETAILS: Utilizing police dogs to search for additional evidence in the area.
LOG #1245 DATE: 2023-10-26 18:50:00 ACTIVITY: Interrogation of Suspects LOCATION: Police Station DETAILS: Questioning individuals with potential motives in the case.
LOG #1246 DATE: 2023-10-26 20:30:00 ACTIVITY: Reviewing Phone Records LOCATION: Cybercrime Unit DETAILS: Examining call records to trace any suspicious phone calls.
LOG #1247 DATE: 2023-10-26 22:00:00 ACTIVITY: Night Patrol around the Facility LOCATION: Laboratory Building DETAILS: Ensuring heightened security around the premises.
LOG #1248 DATE: 2023-10-27 02:10:00 ACTIVITY: Analyzing Autopsy Report LOCATION: Morgue DETAILS: Examining the results of the autopsy for crucial information.
LOG #1249 DATE: 2023-10-27 04:30:00 ACTIVITY: Witness Protection Coordination LOCATION: Safehouse DETAILS: Arranging protection for witnesses providing vital information.
LOG #1250 DATE: 2023-10-27 06:15:00 ACTIVITY: Collaboration with FBI Agents LOCATION: Police Station DETAILS: Partnering with federal agents to broaden the investigation.
LOG #1251 DATE: 2023-10-27 08:00:00 ACTIVITY: Digital Evidence Analysis LOCATION: Cybercrime Unit DETAILS: Scrutinizing computer files and emails for potential clues.
LOG #1252 DATE: 2023-10-27 09:45:00 ACTIVITY: Reviewing Lab Access Logs LOCATION: Security Office DETAILS: Checking who accessed the laboratory area on the night of the incident.
LOG #1253 DATE: 2023-10-27 11:20:00 ACTIVITY: Coordination with Canvassing Team LOCATION: Neighborhood DETAILS: Organizing door-to-door inquiries to gather local information.
LOG #1254 DATE: 2023-10-27 13:00:00 ACTIVITY: Statement Analysis LOCATION: Police Station DETAILS: Analyzing statements from witnesses for inconsistencies or hidden details.
LOG #1255 DATE: 2023-10-27 14:45:00 ACTIVITY: Pursuing Financial Records LOCATION: Bank DETAILS: Investigating financial transactions for any unusual activity.
LOG #1256 DATE: 2023-10-27 16:30:00 ACTIVITY: Undercover Operation LOCATION: Suspect's Residence DETAILS: Deploying undercover officers to gather intel on a potential suspect.
LOG #1257 DATE: 2023-10-27 18:15:00 ACTIVITY: Behavioral Profiling LOCATION: Profiler's Office DETAILS: Consulting a behavioral analyst to create a suspect profile.
LOG #1258 DATE: 2023-10-27 20:00:00 ACTIVITY: DNA Database Search LOCATION: Forensic Lab DETAILS: Cross-referencing DNA samples with criminal databases for matches.
LOG #1259 DATE: 2023-10-27 21:45:00 ACTIVITY: Covert Surveillance LOCATION: Suspect's Vehicle DETAILS: Monitoring the suspect's movements discreetly for any suspicious activity.
LOG #1260 DATE: 2023-10-27 23:30:00 ACTIVITY: Reviewing Case Progress LOCATION: Police Station DETAILS: Briefing the investigative team on the current progress and assigning tasks.
LOG #1261 DATE: 2023-10-28 01:15:00 ACTIVITY: Stakeout Operation LOCATION: Targeted Location DETAILS: Conducting a stakeout to observe any unusual activities in the area.
LOG #1262 DATE: 2023-10-28 03:00:00 ACTIVITY: Coordinating with Interpol LOCATION: International Affairs Office DETAILS: Seeking international assistance to trace a suspect's possible escape route.
LOG #1263 DATE: 2023-10-28 04:45:00 ACTIVITY: Updating the Victim's Family LOCATION: Family Residence DETAILS: Providing the latest updates to the family and offering support.
LOG #1264 DATE: 2023-10-28 06:30:00 ACTIVITY: Search Warrant Execution LOCATION: Suspect's Residence DETAILS: Executing a search warrant to gather evidence from the suspect's home.
LOG #1265 DATE: 2023-10-28 08:15:00 ACTIVITY: Reviewing Alibi Statements LOCATION: Police Station DETAILS: Investigating alibis provided by potential suspects for credibility.
LOG #1266 DATE: 2023-10-28 10:00:00 ACTIVITY: Polygraph Examinations LOCATION: Polygraph Room DETAILS: Administering lie detector tests to individuals of interest for truth verification.
LOG #1267 DATE: 2023-10-28 11:45:00 ACTIVITY: Coordinating Press Release LOCATION: Police Headquarters DETAILS: Drafting a press release to update the public on the investigation's progress.
LOG #1268 DATE: 2023-10-28 13:30:00 ACTIVITY: Reviewing Lab Inventory LOCATION: Laboratory 4B DETAILS: Checking the inventory for any missing or tampered equipment.
LOG #1269 DATE: 2023-10-28 15:15:00 ACTIVITY: Psychological Profiling LOCATION: Profiler's Office DETAILS: Profiling the potential suspect's psychological profile for behavioral clues.
LOG #1270 DATE: 2023-10-28 17:00:00 ACTIVITY: Covert Interview with Colleague LOCATION: Colleague's Residence DETAILS: Conducting a discreet interview with a colleague regarding activities.